  gifCreator.cpp
c:\users\egosh\desktop\proga\sem1\lw_5\lw_5\gifcreator.cpp(7): warning C4018: <: несоответствие типов со знаком и без знака
c:\users\egosh\desktop\proga\sem1\lw_5\lw_5\gifcreator.cpp(18): warning C4018: <: несоответствие типов со знаком и без знака
c:\users\egosh\desktop\proga\sem1\lw_5\lw_5\gifcreator.cpp(19): warning C4018: <: несоответствие типов со знаком и без знака
c:\users\egosh\desktop\proga\sem1\lw_5\lw_5\gifcreator.cpp(46): warning C4018: <: несоответствие типов со знаком и без знака
c:\users\egosh\desktop\proga\sem1\lw_5\lw_5\gifcreator.cpp(86): warning C4018: <: несоответствие типов со знаком и без знака
c:\users\egosh\desktop\proga\sem1\lw_5\lw_5\gifcreator.cpp(125): warning C4018: <: несоответствие типов со знаком и без знака
c:\users\egosh\desktop\proga\sem1\lw_5\lw_5\gifcreator.cpp(145): warning C4018: >=: несоответствие типов со знаком и без знака
  lw_5.cpp
c:\users\egosh\desktop\proga\sem1\lw_5\lw_5\lw_5.cpp(19): warning C4018: <: несоответствие типов со знаком и без знака
c:\users\egosh\desktop\proga\sem1\lw_5\lw_5\lw_5.cpp(35): warning C4018: <: несоответствие типов со знаком и без знака
c:\users\egosh\desktop\proga\sem1\lw_5\lw_5\lw_5.cpp(42): warning C4018: <: несоответствие типов со знаком и без знака
c:\users\egosh\desktop\proga\sem1\lw_5\lw_5\lw_5.cpp(57): warning C4018: <: несоответствие типов со знаком и без знака
c:\users\egosh\desktop\proga\sem1\lw_5\lw_5\lw_5.cpp(68): warning C4018: <: несоответствие типов со знаком и без знака
c:\users\egosh\desktop\proga\sem1\lw_5\lw_5\lw_5.cpp(84): warning C4018: <: несоответствие типов со знаком и без знака
c:\users\egosh\desktop\proga\sem1\lw_5\lw_5\lw_5.cpp(85): warning C4018: <: несоответствие типов со знаком и без знака
c:\users\egosh\desktop\proga\sem1\lw_5\lw_5\lw_5.cpp(100): warning C4018: <: несоответствие типов со знаком и без знака
c:\users\egosh\desktop\proga\sem1\lw_5\lw_5\lw_5.cpp(101): warning C4018: <: несоответствие типов со знаком и без знака
c:\users\egosh\desktop\proga\sem1\lw_5\lw_5\lw_5.cpp(113): warning C4018: <: несоответствие типов со знаком и без знака
c:\users\egosh\desktop\proga\sem1\lw_5\lw_5\lw_5.cpp(114): warning C4018: <: несоответствие типов со знаком и без знака
c:\users\egosh\desktop\proga\sem1\lw_5\lw_5\lw_5.cpp(164): warning C4018: <: несоответствие типов со знаком и без знака
c:\users\egosh\desktop\proga\sem1\lw_5\lw_5\lw_5.cpp(165): warning C4018: <: несоответствие типов со знаком и без знака
c:\users\egosh\desktop\proga\sem1\lw_5\lw_5\lw_5.cpp(177): warning C4013: finishGifCreation: нет определения; предполагается "extern" с возвратом типа "int"
  Создание кода...
  lw_5.vcxproj -> C:\Users\egosh\Desktop\proga\sem1\lw_5\Debug\lw_5.exe
